<?xml version="1.0" encoding="UTF-8"?>
<testng-results skipped="0" failed="0" ignored="0" total="1" passed="1">
  <reporter-output>
  </reporter-output>
  <suite name="Default suite" duration-ms="62392" started-at="2021-10-20T07:26:10Z" finished-at="2021-10-20T07:27:12Z">
    <groups>
    </groups>
    <test name="Default test" duration-ms="62392" started-at="2021-10-20T07:26:10Z" finished-at="2021-10-20T07:27:12Z">
      <class name="org.testng.Sample">
        <test-method status="PASS" signature="beforeClass()[pri:0, instance:org.testng.Sample@1bce4f0a]" name="beforeClass" is-config="true" duration-ms="58893" started-at="2021-10-20T07:26:10Z" finished-at="2021-10-20T07:27:09Z">
          <reporter-output>
          </reporter-output>
        </test-method> <!-- beforeClass -->
        <test-method status="PASS" signature="test()[pri:0, instance:org.testng.Sample@1bce4f0a]" name="test" duration-ms="3323" started-at="2021-10-20T07:27:09Z" finished-at="2021-10-20T07:27:12Z">
          <reporter-output>
          </reporter-output>
        </test-method> <!-- test -->
      </class> <!-- org.testng.Sample -->
    </test> <!-- Default test -->
  </suite> <!-- Default suite -->
</testng-results>
